<?xml version="1.0" encoding="UTF-8"?>
<testsuite name="ohtuesimerkki.StaticsticsTest" tests="4" skipped="0" failures="0" errors="0" timestamp="2017-03-25T15:03:35" hostname="Catbox_Zero" time="0.005">
  <properties/>
  <testcase name="TeamTest" classname="ohtuesimerkki.StaticsticsTest" time="0.003"/>
  <testcase name="SearchTest2" classname="ohtuesimerkki.StaticsticsTest" time="0.0"/>
  <testcase name="topScorers" classname="ohtuesimerkki.StaticsticsTest" time="0.0"/>
  <testcase name="SearchTest" classname="ohtuesimerkki.StaticsticsTest" time="0.001"/>
  <system-out><![CDATA[]]></system-out>
  <system-err><![CDATA[]]></system-err>
</testsuite>
